[2015-08-27 17:11:14]: [productDescShort][DEBUG] - <p>Faded short sleeve t-shirt with high neckline. Soft and stretchy material for a comfortable fit. Accessorize with a straw hat and you're ready for summer!</p>
[2015-08-27 17:11:14]: [productDescShort][DEBUG] - <p>Faded short sleeve t-shirt with high neckline. Soft and stretchy material for a comfortable fit. Accessorize with a straw hat and you're ready for summer!</p>
[2015-08-27 17:11:14]: [productDescShort][DEBUG] - <p>Short sleeved blouse with feminine draped sleeve detail.</p>
[2015-08-27 17:11:14]: [productDescShort][DEBUG] - <p>Short sleeved blouse with feminine draped sleeve detail.</p>
[2015-08-27 17:11:14]: [productDescShort][DEBUG] - <p>100% cotton double printed dress. Black and white striped top and orange high waisted skater skirt bottom.</p>
[2015-08-27 17:11:14]: [productDescShort][DEBUG] - <p>100% cotton double printed dress. Black and white striped top and orange high waisted skater skirt bottom.</p>
[2015-08-27 17:11:14]: [productDescShort][DEBUG] - <p>Printed evening dress with straight sleeves with black thin waist belt and ruffled linings.</p>
[2015-08-27 17:11:15]: [productDescShort][DEBUG] - <p>Printed evening dress with straight sleeves with black thin waist belt and ruffled linings.</p>
[2015-08-27 17:11:15]: [productDescShort][DEBUG] - <p>Long printed dress with thin adjustable straps. V-neckline and wiring under the bust with ruffles at the bottom of the dress.</p>
[2015-08-27 17:11:15]: [productDescShort][DEBUG] - <p>Long printed dress with thin adjustable straps. V-neckline and wiring under the bust with ruffles at the bottom of the dress.</p>
[2015-08-27 17:11:15]: [productDescShort][DEBUG] - <p>Sleeveless knee-length chiffon dress. V-neckline with elastic under the bust lining.</p>
[2015-08-27 17:11:15]: [productDescShort][DEBUG] - <p>Sleeveless knee-length chiffon dress. V-neckline with elastic under the bust lining.</p>
[2015-08-27 17:11:15]: [productDescShort][DEBUG] - <p>Printed chiffon knee length dress with tank straps. Deep v-neckline.</p>
[2015-08-27 17:11:15]: [productDescShort][DEBUG] - <p>Printed chiffon knee length dress with tank straps. Deep v-neckline.</p>
[2015-08-27 17:11:15]: [productDescShort][DEBUG] - <p>от телевизора</p>
[2015-08-27 17:11:15]: [productDescShort][DEBUG] - <p>от телевизора</p>
[2015-08-27 17:11:15]: [productDescShort][DEBUG] - 
[2015-08-27 17:11:15]: [productDescShort][DEBUG] - 
[2015-08-27 17:11:33]: [productDescShort][DEBUG] - <p>Faded short sleeve t-shirt with high neckline. Soft and stretchy material for a comfortable fit. Accessorize with a straw hat and you're ready for summer!</p>
[2015-08-27 17:11:33]: [productDescShort][DEBUG] - <p>Faded short sleeve t-shirt with high neckline. Soft and stretchy material for a comfortable fit. Accessorize with a straw hat and you're ready for summer!</p>
[2015-08-27 17:11:33]: [productDescShort][DEBUG] - <p>Short sleeved blouse with feminine draped sleeve detail.</p>
[2015-08-27 17:11:33]: [productDescShort][DEBUG] - <p>Short sleeved blouse with feminine draped sleeve detail.</p>
[2015-08-27 17:11:33]: [productDescShort][DEBUG] - <p>100% cotton double printed dress. Black and white striped top and orange high waisted skater skirt bottom.</p>
[2015-08-27 17:11:33]: [productDescShort][DEBUG] - <p>100% cotton double printed dress. Black and white striped top and orange high waisted skater skirt bottom.</p>
[2015-08-27 17:11:33]: [productDescShort][DEBUG] - <p>Printed evening dress with straight sleeves with black thin waist belt and ruffled linings.</p>
[2015-08-27 17:11:33]: [productDescShort][DEBUG] - <p>Printed evening dress with straight sleeves with black thin waist belt and ruffled linings.</p>
[2015-08-27 17:11:33]: [productDescShort][DEBUG] - <p>Long printed dress with thin adjustable straps. V-neckline and wiring under the bust with ruffles at the bottom of the dress.</p>
[2015-08-27 17:11:33]: [productDescShort][DEBUG] - <p>Long printed dress with thin adjustable straps. V-neckline and wiring under the bust with ruffles at the bottom of the dress.</p>
[2015-08-27 17:11:33]: [productDescShort][DEBUG] - <p>Sleeveless knee-length chiffon dress. V-neckline with elastic under the bust lining.</p>
[2015-08-27 17:11:33]: [productDescShort][DEBUG] - <p>Sleeveless knee-length chiffon dress. V-neckline with elastic under the bust lining.</p>
[2015-08-27 17:11:33]: [productDescShort][DEBUG] - <p>Printed chiffon knee length dress with tank straps. Deep v-neckline.</p>
[2015-08-27 17:11:33]: [productDescShort][DEBUG] - <p>Printed chiffon knee length dress with tank straps. Deep v-neckline.</p>
[2015-08-27 17:11:33]: [productDescShort][DEBUG] - <p>от телевизора</p>
[2015-08-27 17:11:33]: [productDescShort][DEBUG] - <p>от телевизора</p>
[2015-08-27 17:11:33]: [productDescShort][DEBUG] - 
[2015-08-27 17:11:33]: [productDescShort][DEBUG] - 
[2015-08-27 17:12:09]: [productDescShort][DEBUG] - <p>Faded short sleeve t-shirt with high neckline. Soft and stretchy material for a comfortable fit. Accessorize with a straw hat and you're ready for summer!</p>
[2015-08-27 17:12:09]: [productDescShort][DEBUG] - <p>Faded short sleeve t-shirt with high neckline. Soft and stretchy material for a comfortable fit. Accessorize with a straw hat and you're ready for summer!</p>
[2015-08-27 17:12:09]: [productDescShort][DEBUG] - <p>Short sleeved blouse with feminine draped sleeve detail.</p>
[2015-08-27 17:12:09]: [productDescShort][DEBUG] - <p>Short sleeved blouse with feminine draped sleeve detail.</p>
[2015-08-27 17:12:09]: [productDescShort][DEBUG] - <p>100% cotton double printed dress. Black and white striped top and orange high waisted skater skirt bottom.</p>
[2015-08-27 17:12:10]: [productDescShort][DEBUG] - <p>100% cotton double printed dress. Black and white striped top and orange high waisted skater skirt bottom.</p>
[2015-08-27 17:12:10]: [productDescShort][DEBUG] - <p>Printed evening dress with straight sleeves with black thin waist belt and ruffled linings.</p>
[2015-08-27 17:12:10]: [productDescShort][DEBUG] - <p>Printed evening dress with straight sleeves with black thin waist belt and ruffled linings.</p>
[2015-08-27 17:12:10]: [productDescShort][DEBUG] - <p>Long printed dress with thin adjustable straps. V-neckline and wiring under the bust with ruffles at the bottom of the dress.</p>
[2015-08-27 17:12:10]: [productDescShort][DEBUG] - <p>Long printed dress with thin adjustable straps. V-neckline and wiring under the bust with ruffles at the bottom of the dress.</p>
[2015-08-27 17:12:10]: [productDescShort][DEBUG] - <p>Sleeveless knee-length chiffon dress. V-neckline with elastic under the bust lining.</p>
[2015-08-27 17:12:10]: [productDescShort][DEBUG] - <p>Sleeveless knee-length chiffon dress. V-neckline with elastic under the bust lining.</p>
[2015-08-27 17:12:10]: [productDescShort][DEBUG] - <p>Printed chiffon knee length dress with tank straps. Deep v-neckline.</p>
[2015-08-27 17:12:10]: [productDescShort][DEBUG] - <p>Printed chiffon knee length dress with tank straps. Deep v-neckline.</p>
[2015-08-27 17:12:10]: [productDescShort][DEBUG] - <p>от телевизора</p>
[2015-08-27 17:12:10]: [productDescShort][DEBUG] - <p>от телевизора</p>
[2015-08-27 17:12:10]: [productDescShort][DEBUG] - 
[2015-08-27 17:12:10]: [productDescShort][DEBUG] - 
[2016-07-19 14:47:52]: [product desc][DEBUG] - Тестовое описание по русски {PRODUCT_NAME}-{PRODUCT_ID}-{PRODUCT_REF}-{PRODUCT_EAN13}-{PRODUCT_DESC_SHORT}-{CATEGORY_NAME}-{CATEGORY_NAME_PARENT}-{SHOP_NAME}
14:47:52,http://modules.leadget.ru/ad/index.php?controller=AdminModules&token=62f1b2fbd3b9bdec0167ffbb95590766&configure=seomanager&tab_module=seo&module_name=seomanager,overrideProducts: 
[2016-07-19 14:48:03]: [product desc][DEBUG] - Тестовое описание по русски {PRODUCT_NAME}-{PRODUCT_ID}-{PRODUCT_REF}-{PRODUCT_EAN13}-{PRODUCT_DESC_SHORT}-{CATEGORY_NAME}-{CATEGORY_NAME_PARENT}-{SHOP_NAME}
14:48:03,http://modules.leadget.ru/ad/index.php?controller=AdminModules&token=62f1b2fbd3b9bdec0167ffbb95590766&configure=seomanager&tab_module=seo&module_name=seomanager,overrideProducts: 
